<?xml version="1.0" encoding="UTF-8"?>
<!-- Generated by org.testng.reporters.JUnitXMLReporter -->
<testsuite ignored="0" hostname="Saranya" failures="0" tests="9" name="Test" time="17.764" errors="0" timestamp="2025-04-21T21:22:16 IST">
  <testcase classname="com.test.RegistrationTest" name="@BeforeMethod setUp" time="10.416">
    <failure type="org.openqa.selenium.TimeoutException" message="Expected condition failed: waiting for visibility of [[ChromeDriver: chrome on windows (11d0160ac2a1837b7b6b4bc1736f52cd)] -&amp;gt; xpath: //a[contains(@href,&amp;apos;register&amp;apos;)]] (tried for 10 second(s) with 500 milliseconds interval)
Build info: version: &amp;apos;4.31.0&amp;apos;, revision: &amp;apos;1ef9f18787*&amp;apos;
System info: os.name: &amp;apos;Windows 11&amp;apos;, os.arch: &amp;apos;amd64&amp;apos;, os.version: &amp;apos;10.0&amp;apos;, java.version: &amp;apos;21.0.6&amp;apos;
Driver info: org.openqa.selenium.chrome.ChromeDriver
Capabilities {acceptInsecureCerts: false, browserName: chrome, browserVersion: 135.0.7049.96, chrome: {chromedriverVersion: 135.0.7049.95 (de2eb485a195..., userDataDir: C:\Users\saran\AppData\Loca...}, fedcm:accounts: true, goog:chromeOptions: {debuggerAddress: localhost:60470}, networkConnectionEnabled: false, pageLoadStrategy: normal, platformName: windows, proxy: Proxy(), se:cdp: ws://localhost:60470/devtoo..., se:cdpVersion: 135.0.7049.96, setWindowRect: true, strictFileInteractability: false, timeouts: {implicit: 0, pageLoad: 300000, script: 30000}, unhandledPromptBehavior: dismiss and notify, webauthn:extension:credBlob: true, webauthn:extension:largeBlob: true, webauthn:extension:minPinLength: true, webauthn:extension:prf: true, webauthn:virtualAuthenticators: true}
Session ID: 11d0160ac2a1837b7b6b4bc1736f52cd">
      <![CDATA[org.openqa.selenium.TimeoutException: Expected condition failed: waiting for visibility of [[ChromeDriver: chrome on windows (11d0160ac2a1837b7b6b4bc1736f52cd)] -> xpath: //a[contains(@href,'register')]] (tried for 10 second(s) with 500 milliseconds interval)
Build info: version: '4.31.0', revision: '1ef9f18787*'
System info: os.name: 'Windows 11', os.arch: 'amd64', os.version: '10.0', java.version: '21.0.6'
Driver info: org.openqa.selenium.chrome.ChromeDriver
Capabilities {acceptInsecureCerts: false, browserName: chrome, browserVersion: 135.0.7049.96, chrome: {chromedriverVersion: 135.0.7049.95 (de2eb485a195..., userDataDir: C:\Users\saran\AppData\Loca...}, fedcm:accounts: true, goog:chromeOptions: {debuggerAddress: localhost:60470}, networkConnectionEnabled: false, pageLoadStrategy: normal, platformName: windows, proxy: Proxy(), se:cdp: ws://localhost:60470/devtoo..., se:cdpVersion: 135.0.7049.96, setWindowRect: true, strictFileInteractability: false, timeouts: {implicit: 0, pageLoad: 300000, script: 30000}, unhandledPromptBehavior: dismiss and notify, webauthn:extension:credBlob: true, webauthn:extension:largeBlob: true, webauthn:extension:minPinLength: true, webauthn:extension:prf: true, webauthn:virtualAuthenticators: true}
Session ID: 11d0160ac2a1837b7b6b4bc1736f52cd
at org.openqa.selenium.support.ui.WebDriverWait.timeoutException(WebDriverWait.java:84)
at org.openqa.selenium.support.ui.FluentWait.until(FluentWait.java:228)
at com.pages.RegistrationPage.waitForElementVisible(RegistrationPage.java:141)
at com.pages.RegistrationPage.clickElement(RegistrationPage.java:145)
at com.pages.RegistrationPage.navigateToRegistrationPage(RegistrationPage.java:79)
at com.test.RegistrationTest.setUp(RegistrationTest.java:16)
at java.base/java.util.ArrayList.forEach(ArrayList.java:1596)
... Removed 29 stack frames]]>
    </failure>
  </testcase> <!-- @BeforeMethod setUp -->
  <testcase classname="com.test.BaseTest" name="@AfterMethod cleanup" time="0.0">
    <skipped/>
  </testcase> <!-- @AfterMethod cleanup -->
  <testcase classname="com.test.BaseTest" name="@BeforeMethod setupDriver" time="0.0">
    <skipped/>
  </testcase> <!-- @BeforeMethod setupDriver -->
  <testcase classname="com.test.RegistrationTest" name="@BeforeMethod setUp" time="0.0">
    <skipped/>
  </testcase> <!-- @BeforeMethod setUp -->
  <testcase classname="com.test.BaseTest" name="@AfterMethod cleanup" time="0.0">
    <skipped/>
  </testcase> <!-- @AfterMethod cleanup -->
  <testcase classname="com.test.BaseTest" name="@BeforeMethod setupDriver" time="0.0">
    <skipped/>
  </testcase> <!-- @BeforeMethod setupDriver -->
  <testcase classname="com.test.RegistrationTest" name="@BeforeMethod setUp" time="0.0">
    <skipped/>
  </testcase> <!-- @BeforeMethod setUp -->
  <testcase classname="com.test.BaseTest" name="@AfterMethod cleanup" time="0.0">
    <skipped/>
  </testcase> <!-- @AfterMethod cleanup -->
  <testcase classname="com.test.BaseTest" name="@BeforeMethod setupDriver" time="0.0">
    <skipped/>
  </testcase> <!-- @BeforeMethod setupDriver -->
  <testcase classname="com.test.RegistrationTest" name="@BeforeMethod setUp" time="0.0">
    <skipped/>
  </testcase> <!-- @BeforeMethod setUp -->
  <testcase classname="com.test.BaseTest" name="@AfterMethod cleanup" time="0.0">
    <skipped/>
  </testcase> <!-- @AfterMethod cleanup -->
  <testcase classname="com.test.BaseTest" name="@BeforeMethod setupDriver" time="0.0">
    <skipped/>
  </testcase> <!-- @BeforeMethod setupDriver -->
  <testcase classname="com.test.RegistrationTest" name="@BeforeMethod setUp" time="0.0">
    <skipped/>
  </testcase> <!-- @BeforeMethod setUp -->
  <testcase classname="com.test.BaseTest" name="@AfterMethod cleanup" time="0.0">
    <skipped/>
  </testcase> <!-- @AfterMethod cleanup -->
  <testcase classname="com.test.BaseTest" name="@BeforeMethod setupDriver" time="0.0">
    <skipped/>
  </testcase> <!-- @BeforeMethod setupDriver -->
  <testcase classname="com.test.RegistrationTest" name="@BeforeMethod setUp" time="0.0">
    <skipped/>
  </testcase> <!-- @BeforeMethod setUp -->
  <testcase classname="com.test.BaseTest" name="@AfterMethod cleanup" time="0.0">
    <skipped/>
  </testcase> <!-- @AfterMethod cleanup -->
  <testcase classname="com.test.BaseTest" name="@BeforeMethod setupDriver" time="0.0">
    <skipped/>
  </testcase> <!-- @BeforeMethod setupDriver -->
  <testcase classname="com.test.RegistrationTest" name="@BeforeMethod setUp" time="0.0">
    <skipped/>
  </testcase> <!-- @BeforeMethod setUp -->
  <testcase classname="com.test.BaseTest" name="@AfterMethod cleanup" time="0.0">
    <skipped/>
  </testcase> <!-- @AfterMethod cleanup -->
  <testcase classname="com.test.BaseTest" name="@BeforeMethod setupDriver" time="0.0">
    <skipped/>
  </testcase> <!-- @BeforeMethod setupDriver -->
  <testcase classname="com.test.RegistrationTest" name="@BeforeMethod setUp" time="0.0">
    <skipped/>
  </testcase> <!-- @BeforeMethod setUp -->
  <testcase classname="com.test.BaseTest" name="@AfterMethod cleanup" time="0.0">
    <skipped/>
  </testcase> <!-- @AfterMethod cleanup -->
  <testcase classname="com.test.BaseTest" name="@BeforeMethod setupDriver" time="0.0">
    <skipped/>
  </testcase> <!-- @BeforeMethod setupDriver -->
  <testcase classname="com.test.RegistrationTest" name="@BeforeMethod setUp" time="0.0">
    <skipped/>
  </testcase> <!-- @BeforeMethod setUp -->
  <testcase classname="com.test.BaseTest" name="@AfterMethod cleanup" time="0.0">
    <skipped/>
  </testcase> <!-- @AfterMethod cleanup -->
  <testcase classname="com.test.RegistrationTest" name="verifyRegistrationPageElements" time="0.0">
    <skipped/>
  </testcase> <!-- verifyRegistrationPageElements -->
  <testcase classname="com.test.RegistrationTest" name="testValidRegistration" time="0.0">
    <skipped/>
  </testcase> <!-- testValidRegistration -->
  <testcase classname="com.test.RegistrationTest" name="testValidRegistration" time="0.0">
    <skipped/>
  </testcase> <!-- testValidRegistration -->
  <testcase classname="com.test.RegistrationTest" name="testInvalidRegistration" time="0.0">
    <skipped/>
  </testcase> <!-- testInvalidRegistration -->
  <testcase classname="com.test.RegistrationTest" name="testInvalidRegistration" time="0.0">
    <skipped/>
  </testcase> <!-- testInvalidRegistration -->
  <testcase classname="com.test.RegistrationTest" name="testInvalidRegistration" time="0.0">
    <skipped/>
  </testcase> <!-- testInvalidRegistration -->
  <testcase classname="com.test.RegistrationTest" name="testInvalidRegistration" time="0.0">
    <skipped/>
  </testcase> <!-- testInvalidRegistration -->
  <testcase classname="com.test.RegistrationTest" name="testInvalidRegistration" time="0.0">
    <skipped/>
  </testcase> <!-- testInvalidRegistration -->
  <testcase classname="com.test.RegistrationTest" name="testRegistrationWithoutPrivacyPolicy" time="0.0">
    <skipped/>
  </testcase> <!-- testRegistrationWithoutPrivacyPolicy -->
</testsuite> <!-- Test -->
